<?xml version="1.0" encoding="UTF-8"?>
<testng-results ignored="0" total="4" passed="4" failed="0" skipped="0">
  <reporter-output>
  </reporter-output>
  <suite started-at="2025-09-08T13:16:11 IST" name="MyTestSuite" finished-at="2025-09-08T13:17:50 IST" duration-ms="98396">
    <groups>
      <group name="cucumber">
        <method signature="AbstractTestNGCucumberTests.runScenario(io.cucumber.testng.PickleWrapper,io.cucumber.testng.FeatureWrapper)[pri:0, instance:TestRunner.MyTestRunner@221a3fa4]" name="runScenario" class="io.cucumber.testng.AbstractTestNGCucumberTests"/>
      </group> <!-- cucumber -->
    </groups>
    <test started-at="2025-09-08T13:16:11 IST" name="Test1" finished-at="2025-09-08T13:17:50 IST" duration-ms="98396">
      <class name="TestRunner.MyTestRunner">
        <test-method is-config="true" signature="setUpClass(org.testng.ITestContext)[pri:0, instance:TestRunner.MyTestRunner@221a3fa4]" started-at="2025-09-08T13:16:11 IST" name="setUpClass" finished-at="2025-09-08T13:16:12 IST" duration-ms="465" status="PASS">
          <params>
            <param index="0">
              <value>
                <![CDATA[org.testng.TestRunner@16612a51]]>
              </value>
            </param>
          </params>
          <reporter-output>
          </reporter-output>
        </test-method> <!-- setUpClass -->
        <test-method signature="runScenario(io.cucumber.testng.PickleWrapper,io.cucumber.testng.FeatureWrapper)[pri:0, instance:TestRunner.MyTestRunner@221a3fa4]" started-at="2025-09-08T13:16:12 IST" name="runScenario" description="Runs Cucumber Scenarios" data-provider="scenarios" finished-at="2025-09-08T13:16:27 IST" duration-ms="14987" status="PASS">
          <params>
            <param index="0">
              <value>
                <![CDATA["User Registration"]]>
              </value>
            </param>
            <param index="1">
              <value>
                <![CDATA["Demoblaze E-commerce Functionality"]]>
              </value>
            </param>
          </params>
          <reporter-output>
          </reporter-output>
        </test-method> <!-- runScenario -->
        <test-method signature="runScenario(io.cucumber.testng.PickleWrapper,io.cucumber.testng.FeatureWrapper)[pri:0, instance:TestRunner.MyTestRunner@221a3fa4]" started-at="2025-09-08T13:16:27 IST" name="runScenario" description="Runs Cucumber Scenarios" data-provider="scenarios" finished-at="2025-09-08T13:16:37 IST" duration-ms="9968" status="PASS">
          <params>
            <param index="0">
              <value>
                <![CDATA["User Login and Product Purchase"]]>
              </value>
            </param>
            <param index="1">
              <value>
                <![CDATA["Demoblaze E-commerce Functionality"]]>
              </value>
            </param>
          </params>
          <reporter-output>
          </reporter-output>
        </test-method> <!-- runScenario -->
        <test-method signature="runScenario(io.cucumber.testng.PickleWrapper,io.cucumber.testng.FeatureWrapper)[pri:0, instance:TestRunner.MyTestRunner@221a3fa4]" started-at="2025-09-08T13:16:37 IST" name="runScenario" description="Runs Cucumber Scenarios" data-provider="scenarios" finished-at="2025-09-08T13:16:55 IST" duration-ms="18013" status="PASS">
          <params>
            <param index="0">
              <value>
                <![CDATA["Verify the Contact and About US Page"]]>
              </value>
            </param>
            <param index="1">
              <value>
                <![CDATA["Demoblaze E-commerce Functionality"]]>
              </value>
            </param>
          </params>
          <reporter-output>
          </reporter-output>
        </test-method> <!-- runScenario -->
        <test-method signature="runScenario(io.cucumber.testng.PickleWrapper,io.cucumber.testng.FeatureWrapper)[pri:0, instance:TestRunner.MyTestRunner@221a3fa4]" started-at="2025-09-08T13:16:55 IST" name="runScenario" description="Runs Cucumber Scenarios" data-provider="scenarios" finished-at="2025-09-08T13:17:48 IST" duration-ms="53068" status="PASS">
          <params>
            <param index="0">
              <value>
                <![CDATA["Verify user selects product and complete the checking process"]]>
              </value>
            </param>
            <param index="1">
              <value>
                <![CDATA["Demoblaze E-commerce Functionality"]]>
              </value>
            </param>
          </params>
          <reporter-output>
          </reporter-output>
        </test-method> <!-- runScenario -->
        <test-method is-config="true" signature="tearDownClass()[pri:0, instance:TestRunner.MyTestRunner@221a3fa4]" started-at="2025-09-08T13:17:48 IST" name="tearDownClass" finished-at="2025-09-08T13:17:50 IST" duration-ms="1853" status="PASS">
          <reporter-output>
          </reporter-output>
        </test-method> <!-- tearDownClass -->
      </class> <!-- TestRunner.MyTestRunner -->
    </test> <!-- Test1 -->
  </suite> <!-- MyTestSuite -->
</testng-results>
