<?xml version="1.0" encoding="UTF-8"?>
<testsuite xmlns:xsi="http://www.w3.org/2001/XMLSchema-instance" xsi:noNamespaceSchemaLocation="https://maven.apache.org/surefire/maven-surefire-plugin/xsd/surefire-test-report.xsd" version="3.0.1" name="TestSuite" time="98.863" tests="4" errors="0" skipped="0" failures="0">
  <properties>
[...]
</properties>
  <testcase name="runScenario[&quot;User Registration&quot;, &quot;Demoblaze E-commerce Functionality&quot;](1)" classname="TestRunner.MyTestRunner" time="14.992">
    <system-out><![CDATA[
@sanity
Scenario: User Registration                                         # src/test/resources/Features/demoblaze.feature:5
Browser launched before scenario
  Given User is on the Demoblaze homepage                           # StepDefinitions.EcommerceSteps.user_is_on_the_demoblaze_homepage()
  When User clicks on SignUP button                                 # StepDefinitions.EcommerceSteps.user_clicks_on_sign_up_button()
  And User enters username  and password for signup                 # StepDefinitions.EcommerceSteps.user_enters_username_and_password_for_signup()
  And User clicks signup button                                     # StepDefinitions.EcommerceSteps.user_clicks_signup_button()
  Then User should see an alert "Sign up successful." and accept it # StepDefinitions.EcommerceSteps.user_should_see_an_alert_and_accept_it(java.lang.String)
Browser closed after the scenario
]]></system-out>
    <system-err><![CDATA[SLF4J: Failed to load class "org.slf4j.impl.StaticLoggerBinder".
SLF4J: Defaulting to no-operation (NOP) logger implementation
SLF4J: See http://www.slf4j.org/codes.html#StaticLoggerBinder for further details.
Sept 08, 2025 1:16:14 PM org.openqa.selenium.devtools.CdpVersionFinder findNearestMatch
WARNING: Unable to find CDP implementation matching 140
Sept 08, 2025 1:16:14 PM org.openqa.selenium.chromium.ChromiumDriver lambda$new$4
WARNING: Unable to find version of CDP to use for 140.0.7339.80. You may need to include a dependency on a specific version of the CDP using something similar to `org.seleniumhq.selenium:selenium-devtools-v86:4.31.0` where the version ("v86") matches the version of the chromium-based browser you're using and the version number of the artifact is the same as Selenium's.
]]></system-err>
  </testcase>
  <testcase name="runScenario[&quot;User Login and Product Purchase&quot;, &quot;Demoblaze E-commerce Functionality&quot;](2)" classname="TestRunner.MyTestRunner" time="9.962">
    <system-out><![CDATA[
@sanity
Scenario: User Login and Product Purchase          # src/test/resources/Features/demoblaze.feature:15
Browser launched before scenario
  Given User is on the Demoblaze homepage          # StepDefinitions.EcommerceSteps.user_is_on_the_demoblaze_homepage()
  When User clicks on Login button                 # StepDefinitions.EcommerceSteps.user_clicks_on_login_button()
  And User enters Username  and Password for login # StepDefinitions.EcommerceSteps.user_enters_username_and_password_for_login()
  And User clicks login button                     # StepDefinitions.EcommerceSteps.user_clicks_login_button()
Browser closed after the scenario
]]></system-out>
    <system-err><![CDATA[Sept 08, 2025 1:16:28 PM org.openqa.selenium.devtools.CdpVersionFinder findNearestMatch
WARNING: Unable to find CDP implementation matching 140
Sept 08, 2025 1:16:28 PM org.openqa.selenium.chromium.ChromiumDriver lambda$new$4
WARNING: Unable to find version of CDP to use for 140.0.7339.80. You may need to include a dependency on a specific version of the CDP using something similar to `org.seleniumhq.selenium:selenium-devtools-v86:4.31.0` where the version ("v86") matches the version of the chromium-based browser you're using and the version number of the artifact is the same as Selenium's.
]]></system-err>
  </testcase>
  <testcase name="runScenario[&quot;Verify the Contact and About US Page&quot;, &quot;Demoblaze E-commerce Functionality&quot;](3)" classname="TestRunner.MyTestRunner" time="18.014">
    <system-out><![CDATA[
@sanity
Scenario: Verify the Contact and About US Page # src/test/resources/Features/demoblaze.feature:23
Browser launched before scenario
  Given User is on the Demoblaze homepage      # StepDefinitions.EcommerceSteps.user_is_on_the_demoblaze_homepage()
  When User clicks on Contact                  # StepDefinitions.EcommerceSteps.user_clicks_on_contact()
  And User enters contact email and name       # StepDefinitions.EcommerceSteps.user_enters_contact_email_and_name()
  And User enters message                      # StepDefinitions.EcommerceSteps.user_enters_message()
  And User click on Send message               # StepDefinitions.EcommerceSteps.user_click_on_send_message()
  When User clicks on About us                 # StepDefinitions.EcommerceSteps.user_clicks_on_about_us()
  And User clicks on Close button              # StepDefinitions.EcommerceSteps.user_clicks_on_close_button()
Browser closed after the scenario
]]></system-out>
    <system-err><![CDATA[Sept 08, 2025 1:16:38 PM org.openqa.selenium.devtools.CdpVersionFinder findNearestMatch
WARNING: Unable to find CDP implementation matching 140
Sept 08, 2025 1:16:38 PM org.openqa.selenium.chromium.ChromiumDriver lambda$new$4
WARNING: Unable to find version of CDP to use for 140.0.7339.80. You may need to include a dependency on a specific version of the CDP using something similar to `org.seleniumhq.selenium:selenium-devtools-v86:4.31.0` where the version ("v86") matches the version of the chromium-based browser you're using and the version number of the artifact is the same as Selenium's.
]]></system-err>
  </testcase>
  <testcase name="runScenario[&quot;Verify user selects product and complete the checking process&quot;, &quot;Demoblaze E-commerce Functionality&quot;](4)" classname="TestRunner.MyTestRunner" time="53.069">
    <system-out><![CDATA[
@sanity
Scenario: Verify user selects product and complete the checking process       # src/test/resources/Features/demoblaze.feature:35
Browser launched before scenario
  Given User is on the Demoblaze homepage                                     # StepDefinitions.EcommerceSteps.user_is_on_the_demoblaze_homepage()
  When User navigates to Phones category                                      # StepDefinitions.EcommerceSteps.user_navigates_to_phones_category()
  And User selects Samsung galaxy s6                                          # StepDefinitions.EcommerceSteps.user_selects_samsung_galaxy_s6()
  And User adds phone item to cart                                            # StepDefinitions.EcommerceSteps.user_adds_phone_item_to_cart()
  When User goes back to home page                                            # StepDefinitions.EcommerceSteps.user_goes_back_to_home_page()
  And User navigates to Laptops category                                      # StepDefinitions.EcommerceSteps.user_navigates_to_laptops_category()
  And User selects MacBook air                                                # StepDefinitions.EcommerceSteps.user_selects_mac_book_air()
  And User adds laptop item to cart                                           # StepDefinitions.EcommerceSteps.user_adds_laptop_item_to_cart()
  When User goes back to home page                                            # StepDefinitions.EcommerceSteps.user_goes_back_to_home_page()
  And User navigates to Monitors category                                     # StepDefinitions.EcommerceSteps.user_navigates_to_monitors_category()
  And User selects Apple monitor24                                            # StepDefinitions.EcommerceSteps.user_selects_apple_monitor24()
  And User adds monitor item to cart                                          # StepDefinitions.EcommerceSteps.user_adds_monitor_item_to_cart()
  When User clicks on Cart                                                    # StepDefinitions.EcommerceSteps.user_clicks_on_cart()
  And User clicks on Place Order                                              # StepDefinitions.EcommerceSteps.user_clicks_on_place_order()
  And User fills order details:                                               # StepDefinitions.EcommerceSteps.user_fills_order_details(io.cucumber.datatable.DataTable)
    | Name   | Country | City    | Credit card | Month     | Year |
    | Vishnu | India   | Kurnool | 1234567890  | September | 2025 |
  And User clicks on Purchase                                                 # StepDefinitions.EcommerceSteps.user_clicks_on_purchase()
  Then User should see an message "Thank you for your purchase!" and click OK # StepDefinitions.EcommerceSteps.user_should_see_an_message_and_click_ok(java.lang.String)
Browser closed after the scenario
]]></system-out>
    <system-err><![CDATA[Sept 08, 2025 1:16:56 PM org.openqa.selenium.devtools.CdpVersionFinder findNearestMatch
WARNING: Unable to find CDP implementation matching 140
Sept 08, 2025 1:16:56 PM org.openqa.selenium.chromium.ChromiumDriver lambda$new$4
WARNING: Unable to find version of CDP to use for 140.0.7339.80. You may need to include a dependency on a specific version of the CDP using something similar to `org.seleniumhq.selenium:selenium-devtools-v86:4.31.0` where the version ("v86") matches the version of the chromium-based browser you're using and the version number of the artifact is the same as Selenium's.
]]></system-err>
  </testcase>
</testsuite>